00 HG16rshgh
01 2sujcNm5I
02 69pqmSFie
03 n5mo4DoaA
04 iBi7gx6oV
05 ubDbqLk84
06 gOkoQn37t
07 MfeCj9fz6
08 jgw5US0yd
09 pAkfh72uB
10 xQ11rpRao
00 yol1TX0jw
01 9Qdkc9Nir
02 mAKjzh55e
03 atVHkkh29
04 aWAhh34zw
05 owuN7iY2c
06 p4YmkZjj7
07 NakUivq77
08 uja8xv7AT
09 qN6fb4nmX
10 nF3fH7qps
00 tP11Rbqyp
01 vijIvgO17
02 uk29pMscQ
03 7lAWlfr7b
04 jlGnp45Sh
05 6aF6dWqgt
06 9an6vAlqY
07 dxofzB68D
08 kbzQGq86d
09 ovzZjwU47
10 d10xZmkJd
00 fvsrqG68V
01 72tKBjcfk
02 qrgTt39sM
03 JesFuii07
04 vE1swrk8T
05 1cWmj5pFh
06 uS6rb5ysL
07 DWo16xhyp
08 cxarA1iJ3
09 g6gAru3zI
10 SyhGe35cx
00 uqmrPS46o
01 uvl8aHYx1
02 Bbnqb20An
03 24UxuUapm
04 sBj13jfoT
05 Uptdc9xW3
06 a7klQM9jd
07 dZs8Ig7gk
08 GfsF5er9n
09 c8Hi1neJk
10 4ubBrcY9f
